<?xml version="1.0" encoding="UTF-8"?>
<!-- Generated by org.testng.reporters.JUnitXMLReporter -->
<testsuite ignored="0" hostname="Ganesh" failures="1" tests="1" name="Command line test" time="0.048" errors="0" timestamp="2022-08-29T15:39:26 EDT">
  <testcase classname="FirstRestAssuredTest" name="sendGetRequestTest" time="0.004">
    <failure type="java.lang.RuntimeException" message="Test not implemented">
      <![CDATA[java.lang.RuntimeException: Test not implemented
at FirstRestAssuredTest.sendGetRequestTest(FirstRestAssuredTest.java:7)
at java.base/java.util.ArrayList.forEach(ArrayList.java:1511)
... Removed 36 stack frames]]>
    </failure>
  </testcase> <!-- sendGetRequestTest -->
</testsuite> <!-- Command line test -->
